[    0.000000] Linux version 4.15.0-88-generic (buildd@lgw01-amd64-036) (gcc version 7.4.0 (Ubuntu 7.4.0-1ubuntu1~18.04.1)) #88-Ubuntu SMP Tue Feb 11 20:11:34 UTC 2020 (Ubuntu 4.15.0-88.88-generic 4.15.18)
[    0.000000] Command line: BOOT_IMAGE=/boot/vmlinuz-4.15.0-88-generic root=UUID=aac03293-c0ac-4bf0-a829-be8d31d9d5f4 ro console=tty1 console=ttyS0
[    0.000000] KERNEL supported cpus:
[    0.000000]   Intel GenuineIntel
[    0.000000]   AMD AuthenticAMD
[    0.000000]   Centaur CentaurHauls
[    0.000000] x86/fpu: Supporting XSAVE feature 0x001: 'x87 floating point registers'
[    0.000000] x86/fpu: Supporting XSAVE feature 0x002: 'SSE registers'
[    0.000000] x86/fpu: Supporting XSAVE feature 0x004: 'AVX registers'
[    0.000000] x86/fpu: xstate_offset[2]:  576, xstate_sizes[2]:  256
[    0.000000] x86/fpu: Enabled xstate features 0x7, context size is 832 bytes, using 'standard' format.
[    0.000000] e820: BIOS-provided physical RAM map:
[    0.000000] BIOS-e820: [mem 0x0000000000000000-0x000000000009fbff] usable
[    0.000000] BIOS-e820: [mem 0x000000000009fc00-0x000000000009ffff] reserved
[    0.000000] BIOS-e820: [mem 0x00000000000f0000-0x00000000000fffff] reserved
[    0.000000] BIOS-e820: [mem 0x0000000000100000-0x000000003ffeffff] usable
[    0.000000] BIOS-e820: [mem 0x000000003fff0000-0x000000003fffffff] ACPI data
[    0.000000] BIOS-e820: [mem 0x00000000fec00000-0x00000000fec00fff] reserved
[    0.000000] BIOS-e820: [mem 0x00000000fee00000-0x00000000fee00fff] reserved
[    0.000000] BIOS-e820: [mem 0x00000000fffc0000-0x00000000ffffffff] reserved
[    0.000000] NX (Execute Disable) protection: active
[    0.000000] SMBIOS 2.5 present.
[    0.000000] DMI: innotek GmbH VirtualBox/VirtualBox, BIOS VirtualBox 12/01/2006
[    0.000000] Hypervisor detected: KVM
[    0.000000] e820: last_pfn = 0x3fff0 max_arch_pfn = 0x400000000
[    0.000000] MTRR: Disabled
[    0.000000] x86/PAT: MTRRs disabled, skipping PAT initialization too.
[    0.000000] CPU MTRRs all blank - virtualized system.
[    0.000000] x86/PAT: Configuration [0-7]: WB  WT  UC- UC  WB  WT  UC- UC  
[    0.000000] found SMP MP-table at [mem 0x0009fff0-0x0009ffff]
[    0.000000] Scanning 1 areas for low memory corruption
[    0.000000] RAMDISK: [mem 0x35967000-0x36caafff]
[    0.000000] ACPI: Early table checksum verification disabled
[    0.000000] ACPI: RSDP 0x00000000000E0000 000024 (v02 VBOX  )
[    0.000000] ACPI: XSDT 0x000000003FFF0030 00003C (v01 VBOX   VBOXXSDT 00000001 ASL  00000061)
[    0.000000] ACPI: FACP 0x000000003FFF00F0 0000F4 (v04 VBOX   VBOXFACP 00000001 ASL  00000061)
[    0.000000] ACPI: DSDT 0x000000003FFF0470 0022EA (v02 VBOX   VBOXBIOS 00000002 INTL 20100528)
[    0.000000] ACPI: FACS 0x000000003FFF0200 000040
[    0.000000] ACPI: FACS 0x000000003FFF0200 000040
[    0.000000] ACPI: APIC 0x000000003FFF0240 00005C (v02 VBOX   VBOXAPIC 00000001 ASL  00000061)
[    0.000000] ACPI: SSDT 0x000000003FFF02A0 0001CC (v01 VBOX   VBOXCPUT 00000002 INTL 20100528)
[    0.000000] No NUMA configuration found
[    0.000000] Faking a node at [mem 0x0000000000000000-0x000000003ffeffff]
[    0.000000] NODE_DATA(0) allocated [mem 0x3ffc5000-0x3ffeffff]
[    0.000000] kvm-clock: cpu 0, msr 0:3ff44001, primary cpu clock
[    0.000000] kvm-clock: Using msrs 4b564d01 and 4b564d00
[    0.000000] kvm-clock: using sched offset of 3810639919 cycles
[    0.000000] clocksource: kvm-clock: mask: 0xffffffffffffffff max_cycles: 0x1cd42e4dffb, max_idle_ns: 881590591483 ns
[    0.000000] Zone ranges:
[    0.000000]   DMA      [mem 0x0000000000001000-0x0000000000ffffff]
[    0.000000]   DMA32    [mem 0x0000000001000000-0x000000003ffeffff]
[    0.000000]   Normal   empty
[    0.000000]   Device   empty
[    0.000000] Movable zone start for each node
[    0.000000] Early memory node ranges
[    0.000000]   node   0: [mem 0x0000000000001000-0x000000000009efff]
[    0.000000]   node   0: [mem 0x0000000000100000-0x000000003ffeffff]
[    0.000000] Reserved but unavailable: 98 pages
[    0.000000] Initmem setup node 0 [mem 0x0000000000001000-0x000000003ffeffff]
[    0.000000] ACPI: PM-Timer IO Port: 0x4008
[    0.000000] IOAPIC[0]: apic_id 2, version 32, address 0xfec00000, GSI 0-23
[    0.000000] ACPI: INT_SRC_OVR (bus 0 bus_irq 0 global_irq 2 dfl dfl)
[    0.000000] ACPI: INT_SRC_OVR (bus 0 bus_irq 9 global_irq 9 low level)
[    0.000000] Using ACPI (MADT) for SMP configuration information
[    0.000000] smpboot: Allowing 2 CPUs, 0 hotplug CPUs
[    0.000000] PM: Registered nosave memory: [mem 0x00000000-0x00000fff]
[    0.000000] PM: Registered nosave memory: [mem 0x0009f000-0x0009ffff]
[    0.000000] PM: Registered nosave memory: [mem 0x000a0000-0x000effff]
[    0.000000] PM: Registered nosave memory: [mem 0x000f0000-0x000fffff]
[    0.000000] e820: [mem 0x40000000-0xfebfffff] available for PCI devices
[    0.000000] Booting paravirtualized kernel on KVM
[    0.000000] clocksource: refined-jiffies: mask: 0xffffffff max_cycles: 0xffffffff, max_idle_ns: 7645519600211568 ns
[    0.000000] random: get_random_bytes called from start_kernel+0x99/0x4fd with crng_init=0
[    0.000000] setup_percpu: NR_CPUS:8192 nr_cpumask_bits:2 nr_cpu_ids:2 nr_node_ids:1
[    0.000000] percpu: Embedded 45 pages/cpu s147456 r8192 d28672 u1048576
[    0.000000] PV qspinlock hash table entries: 256 (order: 0, 4096 bytes)
[    0.000000] Built 1 zonelists, mobility grouping on.  Total pages: 257913
[    0.000000] Policy zone: DMA32
[    0.000000] Kernel command line: BOOT_IMAGE=/boot/vmlinuz-4.15.0-88-generic root=UUID=aac03293-c0ac-4bf0-a829-be8d31d9d5f4 ro console=tty1 console=ttyS0
[    0.000000] Memory: 982544K/1048120K available (12300K kernel code, 2481K rwdata, 4264K rodata, 2428K init, 2712K bss, 65576K reserved, 0K cma-reserved)
[    0.000000] SLUB: HWalign=64, Order=0-3, MinObjects=0, CPUs=2, Nodes=1
[    0.000000] Kernel/User page tables isolation: enabled
[    0.000000] ftrace: allocating 39344 entries in 154 pages
[    0.004000] Hierarchical RCU implementation.
[    0.004000] 	RCU restricting CPUs from NR_CPUS=8192 to nr_cpu_ids=2.
[    0.004000] 	Tasks RCU enabled.
[    0.004000] RCU: Adjusting geometry for rcu_fanout_leaf=16, nr_cpu_ids=2
[    0.004000] NR_IRQS: 524544, nr_irqs: 440, preallocated irqs: 16
[    0.004000] Console: colour VGA+ 80x25
[    0.004000] console [tty1] enabled
[    0.004000] console [ttyS0] enabled
[    0.004000] ACPI: Core revision 20170831
[    0.004000] ACPI: 2 ACPI AML tables successfully acquired and loaded
[    0.004000] APIC: Switch to symmetric I/O mode setup
[    0.004000] x2apic enabled
[    0.004000] Switched APIC routing to physical x2apic.
[    0.004000] ..TIMER: vector=0x30 apic1=0 pin1=2 apic2=-1 pin2=-1
[    0.004004] tsc: Detected 1392.000 MHz processor
[    0.004826] Calibrating delay loop (skipped) preset value.. 2784.00 BogoMIPS (lpj=5568000)
[    0.005458] pid_max: default: 32768 minimum: 301
[    0.006304] Security Framework initialized
[    0.008002] Yama: becoming mindful.
[    0.008643] AppArmor: AppArmor initialized
[    0.010846] Dentry cache hash table entries: 131072 (order: 8, 1048576 bytes)
[    0.012068] Inode-cache hash table entries: 65536 (order: 7, 524288 bytes)
[    0.013274] Mount-cache hash table entries: 2048 (order: 2, 16384 bytes)
[    0.014429] Mountpoint-cache hash table entries: 2048 (order: 2, 16384 bytes)
[    0.016236] Last level iTLB entries: 4KB 64, 2MB 8, 4MB 8
[    0.017167] Last level dTLB entries: 4KB 64, 2MB 0, 4MB 0, 1GB 4
[    0.018187] Spectre V1 : Mitigation: usercopy/swapgs barriers and __user pointer sanitization
[    0.019639] Spectre V2 : Mitigation: Full generic retpoline
[    0.020001] Spectre V2 : Spectre v2 / SpectreRSB mitigation: Filling RSB on context switch
[    0.021450] Speculative Store Bypass: Vulnerable
[    0.022292] MDS: Mitigation: Clear CPU buffers
[    0.023222] Freeing SMP alternatives memory: 36K
[    0.133713] smpboot: CPU0: Intel(R) Core(TM) i5-8257U CPU @ 1.40GHz (family: 0x6, model: 0x8e, stepping: 0xa)
[    0.136000] Performance Events: unsupported p6 CPU model 142 no PMU driver, software events only.
[    0.136030] Hierarchical SRCU implementation.
[    0.137312] NMI watchdog: Perf event create on CPU 0 failed with -2
[    0.138373] NMI watchdog: Perf NMI watchdog permanently disabled
[    0.140038] smp: Bringing up secondary CPUs ...
[    0.140893] x86: Booting SMP configuration:
[    0.141631] .... node  #0, CPUs:      #1
[    0.004000] kvm-clock: cpu 1, msr 0:3ff44041, secondary cpu clock
[    0.144019] smp: Brought up 1 node, 2 CPUs
[    0.144935] smpboot: Max logical packages: 1
[    0.145836] smpboot: Total of 2 processors activated (5568.00 BogoMIPS)
[    0.148111] devtmpfs: initialized
[    0.148685] x86/mm: Memory block size: 128MB
[    0.149546] evm: security.selinux
[    0.150151] evm: security.SMACK64
[    0.150749] evm: security.SMACK64EXEC
[    0.152002] evm: security.SMACK64TRANSMUTE
[    0.152723] evm: security.SMACK64MMAP
[    0.153433] evm: security.apparmor
[    0.154045] evm: security.ima
[    0.154590] evm: security.capability
[    0.156097] clocksource: jiffies: mask: 0xffffffff max_cycles: 0xffffffff, max_idle_ns: 7645041785100000 ns
[    0.157648] futex hash table entries: 512 (order: 3, 32768 bytes)
[    0.160000] pinctrl core: initialized pinctrl subsystem
[    0.160099] RTC time: 11:07:47, date: 03/25/20
[    0.161010] NET: Registered protocol family 16
[    0.161847] audit: initializing netlink subsys (disabled)
[    0.162800] audit: type=2000 audit(1585134471.889:1): state=initialized audit_enabled=0 res=1
[    0.164009] cpuidle: using governor ladder
[    0.164764] cpuidle: using governor menu
[    0.165485] ACPI: bus type PCI registered
[    0.166195] acpiphp: ACPI Hot Plug PCI Controller Driver version: 0.5
[    0.168095] PCI: Using configuration type 1 for base access
[    0.169070] HugeTLB registered 2.00 MiB page size, pre-allocated 0 pages
[    0.169165] ACPI: Added _OSI(Module Device)
[    0.172006] ACPI: Added _OSI(Processor Device)
[    0.172781] ACPI: Added _OSI(3.0 _SCP Extensions)
[    0.173612] ACPI: Added _OSI(Processor Aggregator Device)
[    0.174533] ACPI: Added _OSI(Linux-Dell-Video)
[    0.175305] ACPI: Added _OSI(Linux-Lenovo-NV-HDMI-Audio)
[    0.176002] ACPI: Added _OSI(Linux-HPI-Hybrid-Graphics)
[    0.177243] ACPI: Executed 1 blocks of module-level executable AML code
[    0.181539] ACPI: Interpreter enabled
[    0.182207] ACPI: (supports S0 S5)
[    0.182821] ACPI: Using IOAPIC for interrupt routing
[    0.184170] PCI: Using host bridge windows from ACPI; if necessary, use "pci=nocrs" and report a bug
[    0.185899] ACPI: Enabled 2 GPEs in block 00 to 07
[    0.192258] ACPI: PCI Root Bridge [PCI0] (domain 0000 [bus 00-ff])
[    0.194114] acpi PNP0A03:00: _OSC: OS supports [ASPM ClockPM Segments MSI]
[    0.196000] acpi PNP0A03:00: _OSC: not requesting OS control; OS requires [ExtendedConfig ASPM ClockPM MSI]
[    0.196010] acpi PNP0A03:00: fail to add MMCONFIG information, can't access extended PCI configuration space under this bridge.
[    0.200382] PCI host bridge to bus 0000:00
[    0.201127] pci_bus 0000:00: root bus resource [io  0x0000-0x0cf7 window]
[    0.202299] pci_bus 0000:00: root bus resource [io  0x0d00-0xffff window]
[    0.204002] pci_bus 0000:00: root bus resource [mem 0x000a0000-0x000bffff window]
[    0.205346] pci_bus 0000:00: root bus resource [mem 0x40000000-0xfdffffff window]
[    0.206668] pci_bus 0000:00: root bus resource [bus 00-ff]
[    0.210346] pci 0000:00:01.1: legacy IDE quirk: reg 0x10: [io  0x01f0-0x01f7]
[    0.211581] pci 0000:00:01.1: legacy IDE quirk: reg 0x14: [io  0x03f6]
[    0.212002] pci 0000:00:01.1: legacy IDE quirk: reg 0x18: [io  0x0170-0x0177]
[    0.213215] pci 0000:00:01.1: legacy IDE quirk: reg 0x1c: [io  0x0376]
[    0.227370] pci 0000:00:07.0: quirk: [io  0x4000-0x403f] claimed by PIIX4 ACPI
[    0.228017] pci 0000:00:07.0: quirk: [io  0x4100-0x410f] claimed by PIIX4 SMB
[    0.239309] ACPI: PCI Interrupt Link [LNKA] (IRQs 5 9 10 *11)
[    0.240252] ACPI: PCI Interrupt Link [LNKB] (IRQs 5 9 *10 11)
[    0.241593] ACPI: PCI Interrupt Link [LNKC] (IRQs 5 *9 10 11)
[    0.242695] ACPI: PCI Interrupt Link [LNKD] (IRQs 5 9 10 *11)
[    0.244354] SCSI subsystem initialized
[    0.245087] pci 0000:00:02.0: vgaarb: setting as boot VGA device
[    0.245087] pci 0000:00:02.0: vgaarb: VGA device added: decodes=io+mem,owns=io+mem,locks=none
[    0.248010] pci 0000:00:02.0: vgaarb: bridge control possible
[    0.249054] vgaarb: loaded
[    0.249612] ACPI: bus type USB registered
[    0.250332] usbcore: registered new interface driver usbfs
[    0.251271] usbcore: registered new interface driver hub
[    0.252023] usbcore: registered new device driver usb
[    0.252937] EDAC MC: Ver: 3.0.0
[    0.252937] PCI: Using ACPI for IRQ routing
[    0.253061] NetLabel: Initializing
[    0.256005] NetLabel:  domain hash size = 128
[    0.256776] NetLabel:  protocols = UNLABELED CIPSOv4 CALIPSO
[    0.257780] NetLabel:  unlabeled traffic allowed by default
[    0.258829] clocksource: Switched to clocksource kvm-clock
[    0.268782] VFS: Disk quotas dquot_6.6.0
[    0.270092] VFS: Dquot-cache hash table entries: 512 (order 0, 4096 bytes)
[    0.272029] AppArmor: AppArmor Filesystem Enabled
[    0.272994] pnp: PnP ACPI init
[    0.275965] pnp: PnP ACPI: found 3 devices
[    0.285286] clocksource: acpi_pm: mask: 0xffffff max_cycles: 0xffffff, max_idle_ns: 2085701024 ns
[    0.287235] NET: Registered protocol family 2
[    0.288234] TCP established hash table entries: 8192 (order: 4, 65536 bytes)
[    0.289422] TCP bind hash table entries: 8192 (order: 5, 131072 bytes)
[    0.291815] TCP: Hash tables configured (established 8192 bind 8192)
[    0.293088] UDP hash table entries: 512 (order: 2, 16384 bytes)
[    0.294136] UDP-Lite hash table entries: 512 (order: 2, 16384 bytes)
[    0.295692] NET: Registered protocol family 1
[    0.296509] pci 0000:00:00.0: Limiting direct PCI/PCI transfers
[    0.297561] pci 0000:00:01.0: Activating ISA DMA hang workarounds
[    0.298645] pci 0000:00:02.0: Video device with shadowed ROM at [mem 0x000c0000-0x000dffff]
[    0.300186] Unpacking initramfs...
[    0.552263] Freeing initrd memory: 19728K
[    0.556279] clocksource: tsc: mask: 0xffffffffffffffff max_cycles: 0x14109b0720d, max_idle_ns: 440795259878 ns
[    0.558222] platform rtc_cmos: registered platform RTC device (no PNP device found)
[    0.559595] Scanning for low memory corruption every 60 seconds
[    0.561249] Initialise system trusted keyrings
[    0.562091] Key type blacklist registered
[    0.563013] workingset: timestamp_bits=36 max_order=18 bucket_order=0
[    0.564963] zbud: loaded
[    0.567198] squashfs: version 4.0 (2009/01/31) Phillip Lougher
[    0.569462] fuse init (API version 7.26)
[    0.572373] Key type asymmetric registered
[    0.573122] Asymmetric key parser 'x509' registered
[    0.574014] Block layer SCSI generic (bsg) driver version 0.4 loaded (major 246)
[    0.575378] io scheduler noop registered
[    0.576095] io scheduler deadline registered
[    0.576867] io scheduler cfq registered (default)
[    0.578190] ACPI: AC Adapter [AC] (off-line)
[    0.578997] input: Power Button as /devices/LNXSYSTM:00/LNXPWRBN:00/input/input0
[    0.580370] ACPI: Power Button [PWRF]
[    0.581391] input: Sleep Button as /devices/LNXSYSTM:00/LNXSLPBN:00/input/input1
[    0.582716] ACPI: Sleep Button [SLPF]
[    0.584747] ACPI: Battery Slot [BAT0] (battery present)
[    0.586075] Serial: 8250/16550 driver, 32 ports, IRQ sharing enabled
[    0.608667] 00:02: ttyS0 at I/O 0x3f8 (irq = 4, base_baud = 115200) is a 16550A
[    0.615297] Linux agpgart interface v0.103
[    0.617831] loop: module loaded
[    0.619013] scsi host0: ata_piix
[    0.619905] scsi host1: ata_piix
[    0.620604] ata1: PATA max UDMA/33 cmd 0x1f0 ctl 0x3f6 bmdma 0xd000 irq 14
[    0.622022] ata2: PATA max UDMA/33 cmd 0x170 ctl 0x376 bmdma 0xd008 irq 15
[    0.623389] libphy: Fixed MDIO Bus: probed
[    0.624312] tun: Universal TUN/TAP device driver, 1.6
[    0.625281] PPP generic driver version 2.4.2
[    0.626238] ehci_hcd: USB 2.0 'Enhanced' Host Controller (EHCI) Driver
[    0.627379] ehci-pci: EHCI PCI platform driver
[    0.628251] ehci-platform: EHCI generic platform driver
[    0.629171] ohci_hcd: USB 1.1 'Open' Host Controller (OHCI) Driver
[    0.630230] ohci-pci: OHCI PCI platform driver
[    0.631023] ohci-platform: OHCI generic platform driver
[    0.631924] uhci_hcd: USB Universal Host Controller Interface driver
[    0.633113] i8042: PNP: PS/2 Controller [PNP0303:PS2K,PNP0f03:PS2M] at 0x60,0x64 irq 1,12
[    0.634906] serio: i8042 KBD port at 0x60,0x64 irq 1
[    0.635817] serio: i8042 AUX port at 0x60,0x64 irq 12
[    0.636901] mousedev: PS/2 mouse device common for all mice
[    0.638785] input: AT Translated Set 2 keyboard as /devices/platform/i8042/serio0/input/input2
[    0.640352] rtc_cmos rtc_cmos: rtc core: registered rtc_cmos as rtc0
[    0.641628] rtc_cmos rtc_cmos: alarms up to one day, 114 bytes nvram
[    0.642745] i2c /dev entries driver
[    0.643559] device-mapper: uevent: version 1.0.3
[    0.644751] device-mapper: ioctl: 4.37.0-ioctl (2017-09-20) initialised: dm-devel@redhat.com
[    0.646616] ledtrig-cpu: registered to indicate activity on CPUs
[    0.648115] NET: Registered protocol family 10
[    0.651787] Segment Routing with IPv6
[    0.652565] NET: Registered protocol family 17
[    0.653406] Key type dns_resolver registered
[    0.654324] mce: Using 0 MCE banks
[    0.654955] RAS: Correctable Errors collector initialized.
[    0.656068] sched_clock: Marking stable (654302220, 0)->(823745998, -169443778)
[    0.657665] registered taskstats version 1
[    0.658466] Loading compiled-in X.509 certificates
[    0.661406] Loaded X.509 cert 'Build time autogenerated kernel key: f0020782f0d3a548186fb3f47aed88387a71e859'
[    0.663150] zswap: loaded using pool lzo/zbud
[    0.666851] Key type big_key registered
[    0.667548] Key type trusted registered
[    0.669583] Key type encrypted registered
[    0.670592] AppArmor: AppArmor sha1 policy hashing enabled
[    0.671557] ima: No TPM chip found, activating TPM-bypass! (rc=-19)
[    0.672674] ima: Allocated hash algorithm: sha1
[    0.673481] evm: HMAC attrs: 0x1
[    0.674358]   Magic number: 12:91:126
[    0.675066] acpi device:01: hash matches
[    0.675813] rtc_cmos rtc_cmos: setting system clock to 2020-03-25 11:07:47 UTC (1585134467)
[    0.677401] BIOS EDD facility v0.16 2004-Jun-25, 0 devices found
[    0.678463] EDD information not available.
[    0.787360] Freeing unused kernel image memory: 2428K
[    0.796495] Write protecting the kernel read-only data: 20480k
[    0.799805] Freeing unused kernel image memory: 2008K
[    0.801989] Freeing unused kernel image memory: 1880K
[    0.810740] x86/mm: Checked W+X mappings: passed, no W+X pages found.
[    0.812558] x86/mm: Checking user space page tables
[    0.819727] x86/mm: Checked W+X mappings: passed, no W+X pages found.
Loading, please wait...
starting version 237
[    0.874420] e1000: Intel(R) PRO/1000 Network Driver - version 7.3.21-k8-NAPI
[    0.876176] e1000: Copyright (c) 1999-2006 Intel Corporation.
[    0.882757] Fusion MPT base driver 3.04.20
[    0.883882] Copyright (c) 1999-2008 LSI Corporation
[    0.892066] Fusion MPT SPI Host driver 3.04.20
[    0.897144] AVX2 version of gcm_enc/dec engaged.
[    0.898434] AES CTR mode by8 optimization enabled
[    1.111469] input: ImExPS/2 Generic Explorer Mouse as /devices/platform/i8042/serio1/input/input4
[    1.263660] e1000 0000:00:03.0 eth0: (PCI:33MHz:32-bit) 02:b7:1f:33:e9:24
[    1.266064] e1000 0000:00:03.0 eth0: Intel(R) PRO/1000 Network Connection
[    1.268788] mptbase: ioc0: Initiating bringup
[    1.589242] ioc0: LSI53C1030 A0: Capabilities={Initiator}
[    2.502874] scsi host2: ioc0: LSI53C1030 A0, FwRev=00000000h, Ports=1, MaxQ=256, IRQ=20
[    3.285511] scsi 2:0:0:0: Direct-Access     VBOX     HARDDISK         1.0  PQ: 0 ANSI: 5
[    3.324315] scsi target2:0:0: Beginning Domain Validation
[    3.327513] scsi target2:0:0: Domain Validation skipping write tests
[    3.329075] scsi target2:0:0: Ending Domain Validation
[    3.330354] scsi target2:0:0: asynchronous
[    3.331643] scsi 2:0:1:0: Direct-Access     VBOX     HARDDISK         1.0  PQ: 0 ANSI: 5
[    3.644897] scsi target2:0:1: Beginning Domain Validation
[    3.647375] random: fast init done
[    3.648354] scsi target2:0:1: Domain Validation skipping write tests
[    3.649667] scsi target2:0:1: Ending Domain Validation
[    3.650770] scsi target2:0:1: asynchronous
[    3.655539] random: systemd-udevd: uninitialized urandom read (16 bytes read)
[    3.655564] sd 2:0:0:0: Attached scsi generic sg0 type 0
[    3.656865] random: systemd-udevd: uninitialized urandom read (16 bytes read)
[    3.659009] random: systemd-udevd: uninitialized urandom read (16 bytes read)
[    3.660334] sd 2:0:1:0: Attached scsi generic sg1 type 0
[    3.661401] sd 2:0:0:0: [sda] 20971520 512-byte logical blocks: (10.7 GB/10.0 GiB)
[    3.662859] sd 2:0:0:0: [sda] Write Protect is off
[    3.663789] sd 2:0:1:0: [sdb] 20480 512-byte logical blocks: (10.5 MB/10.0 MiB)
[    3.669976] sd 2:0:0:0: [sda] Incomplete mode parameter data
[    3.671488] sd 2:0:0:0: [sda] Assuming drive cache: write through
[    3.673188] sd 2:0:1:0: [sdb] Write Protect is off
[    3.674305] sd 2:0:1:0: [sdb] Incomplete mode parameter data
[    3.675407] sd 2:0:1:0: [sdb] Assuming drive cache: write through
[    3.678532]  sda: sda1
[    3.679800] sd 2:0:1:0: [sdb] Attached SCSI disk
[    3.680642] e1000 0000:00:08.0 eth1: (PCI:33MHz:32-bit) 08:00:27:2a:72:1b
[    3.680803] sd 2:0:0:0: [sda] Attached SCSI disk
[    3.681957] e1000 0000:00:08.0 eth1: Intel(R) PRO/1000 Network Connection
[    3.685109] e1000 0000:00:08.0 enp0s8: renamed from eth1
[    3.700581] e1000 0000:00:03.0 enp0s3: renamed from eth0
Begin: Loading essential drivers ... [    5.084394] raid6: sse2x1   gen() 13222 MB/s
[    5.132239] raid6: sse2x1   xor()  9472 MB/s
[    5.180024] raid6: sse2x2   gen() 16271 MB/s
[    5.228036] raid6: sse2x2   xor() 10786 MB/s
[    5.276179] raid6: sse2x4   gen() 18398 MB/s
[    5.324234] raid6: sse2x4   xor() 11656 MB/s
[    5.372225] raid6: avx2x1   gen() 25720 MB/s
[    5.420014] raid6: avx2x1   xor() 18384 MB/s
[    5.468219] raid6: avx2x2   gen() 31229 MB/s
[    5.516210] raid6: avx2x2   xor() 20011 MB/s
[    5.564237] raid6: avx2x4   gen() 35816 MB/s
[    5.612568] raid6: avx2x4   xor() 21951 MB/s
[    5.613979] raid6: using algorithm avx2x4 gen() 35816 MB/s
[    5.615138] raid6: .... xor() 21951 MB/s, rmw enabled
[    5.616067] raid6: using avx2x2 recovery algorithm
[    5.618088] xor: automatically using best checksumming function   avx       
[    5.620467] async_tx: api initialized (async)
done.
Begin: Running /scripts/init-premount ... done.
Begin: Mounting root file system ... Begin: Running /scripts/local-top ... done.
Begin: Running /scripts/local-premount ... [    5.659501] Btrfs loaded, crc32c=crc32c-intel
Scanning for Btrfs filesystems
done.
Warning: fsck not present, so skipping root file system
[    5.683157] EXT4-fs (sda1): INFO: recovery required on readonly filesystem
[    5.684413] EXT4-fs (sda1): write access will be enabled during recovery
[    5.726339] EXT4-fs (sda1): orphan cleanup on readonly fs
[    5.727397] EXT4-fs (sda1): 1 orphan inode deleted
[    5.728316] EXT4-fs (sda1): recovery complete
[    5.729600] EXT4-fs (sda1): mounted filesystem with ordered data mode. Opts: (null)
done.
Begin: Running /scripts/local-bottom ... done.
Begin: Running /scripts/init-bottom ... done.
[    5.942545] ip_tables: (C) 2000-2006 Netfilter Core Team
[    5.954620] systemd[1]: systemd 237 running in system mode. (+PAM +AUDIT +SELINUX +IMA +APPARMOR +SMACK +SYSVINIT +UTMP +LIBCRYPTSETUP +GCRYPT +GNUTLS +ACL +XZ +LZ4 +SECCOMP +BLKID +ELFUTILS +KMOD -IDN2 +IDN -PCRE2 default-hierarchy=hybrid)
[    5.958434] systemd[1]: Detected virtualization oracle.
[    5.959395] systemd[1]: Detected architecture x86-64.

Welcome to [1mUbuntu 18.04.3 LTS[0m!

[    5.986896] systemd[1]: Set hostname to <ubuntu-bionic>.
[    6.298676] systemd[1]: Created slice System Slice.
[[0;32m  OK  [0m] Created slice System Slice.
[    6.300342] systemd[1]: Listening on Syslog Socket.
[[0;32m  OK  [0m] Listening on Syslog Socket.
[    6.301878] systemd[1]: Listening on LVM2 poll daemon socket.
[[0;32m  OK  [0m] Listening on LVM2 poll daemon socket.
[    6.314792] systemd[1]: Listening on Network Service Netlink Socket.
[[0;32m  OK  [0m] Listening on Network Service Netlink Socket.
[    6.318024] systemd[1]: Set up automount Arbitrary Executable File Formats File System Automount Point.
[[0;32m  OK  [0m] Set up automount Arbitrary Executab…rmats File System Automount Point.
[    6.321758] systemd[1]: Listening on Journal Socket.
[[0;32m  OK  [0m] Listening on Journal Socket.
         Starting Load Kernel Modules...
         Mounting POSIX Message Queue File System...
         Starting Create list of required st…ce nodes for the current kernel...
         Starting Uncomplicated firewall...
[    6.342681] Loading iSCSI transport class v2.0-870.
[[0;32m  OK  [0m] Listening on Journal Socket (/dev/log).
[[0;32m  OK  [0m] Listening on udev Kernel Socket.
[[0;32m  OK  [0m] Started Forward Password Requests to Wall Directory Watch.
[[0;32m  OK  [0m] Listening on Device-mapper event daemon FIFOs.
[[0;32m  OK  [0m] Created slice system-serial\x2dgetty.slice.
[    6.369703] iscsi: registered transport (tcp)
[[0;32m  OK  [0m] Created slice system-postgresql.slice.
[[0;32m  OK  [0m] Reached target Swap.
         Starting Set the console keyboard layout...
         Starting Remount Root and Kernel File Systems...
[[0;32m  OK  [0m] Listening on /dev/initctl Compatibility Named Pipe.
[[0;32m  OK  [0m] Listening on udev Control Socket.
         Starting udev Coldplug all Devices...
[[0;32m  OK  [0m] Reached target User and Group Name Lookups.
         Mounting Huge Pages File System...
[[0;32m  OK  [0m] Created slice User and Session Slice.
[[0;32m  OK  [0m] Listening on LVM2 metadata daemon socket.
         Starting Monitoring of LVM2 mirrors…ng dmeventd or progress polling...
[[0;32m  OK  [0m] Reached target Slices.
[[0;32m  OK  [0m] Listening on Journal Audit Socket.
         Starting Journal Service...
[[0;32m  OK  [0m] Reached target System Time Synchronized.
         Mounting Kernel Debug File System...
[[0;32m  OK  [0m] Mounted POSIX Message Queue File System.
[    6.416722] EXT4-fs (sda1): re-mounted. Opts: (null)
[[0;32m  OK  [0m] Started Create list of required sta…vice nodes for the current kernel.
[[0;32m  OK  [0m] Started Uncomplicated firewall.
[[0;32m  OK  [0m] Started Remount Root and Kernel File Systems.
[    6.424772] iscsi: registered transport (iser)
[[0;32m  OK  [0m] Mounted Huge Pages File System.
[[0;32m  OK  [0m] Started Load Kernel Modules.
[[0;32m  OK  [0m] Mounted Kernel Debug File System.
         Starting Apply Kernel Variables...
         Mounting FUSE Control File System...
         Mounting Kernel Configuration File System...
         Starting Load/Save Random Seed...
         Starting Create Static Device Nodes in /dev...
[[0;32m  OK  [0m] Started Journal Service.
[[0;32m  OK  [0m] Started udev Coldplug all Devices.
[[0;32m  OK  [0m] Mounted FUSE Control File System.
[[0;32m  OK  [0m] Mounted Kernel Configuration File System.
         Starting Flush Journal to Persistent Storage...
[[0;32m  OK  [0m] Started LVM2 metadata daemon.
[[0;32m  OK  [0m] Started Load/Save Random Seed.
[[0;32m  OK  [0m] Started Apply Kernel Variables.
[[0;32m  OK  [0m] Started Create Static Device Nodes in /dev.
         Starting udev Kernel Device Manager...
[[0;32m  OK  [0m] Started Monitoring of LVM2 mirrors,…sing dmeventd or progress polling.
[[0;32m  OK  [0m] Started Set the console keyboard layout.
[[0;32m  OK  [0m] Reached target Local File Systems (Pre).
[[0;32m  OK  [0m] Reached target Local File Systems.
         Starting AppArmor initialization...
         Starting Set console font and keymap...
         Starting Tell Plymouth To Write Out Runtime Data...
         Starting ebtables ruleset management...
[[0;32m  OK  [0m] Started Tell Plymouth To Write Out Runtime Data.
[[0;32m  OK  [0m] Started Set console font and keymap.
[[0;32m  OK  [0m] Started udev Kernel Device Manager.
[[0;32m  OK  [0m] Started Dispatch Password Requests to Console Directory Watch.
[[0;32m  OK  [0m] Reached target Local Encrypted Volumes.
[[0;32m  OK  [0m] Started ebtables ruleset management.
[[0;32m  OK  [0m] Started Flush Journal to Persistent Storage.
         Starting Create Volatile Files and Directories...
[[0;32m  OK  [0m] Started Create Volatile Files and Directories.
         Starting Update UTMP about System Boot/Shutdown...
[[0;32m  OK  [0m] Started Update UTMP about System Boot/Shutdown.
[[0;32m  OK  [0m] Started AppArmor initialization.
         Starting Initial cloud-init job (pre-networking)...
[[0;32m  OK  [0m] Found device /dev/ttyS0.
[[0;32m  OK  [0m] Listening on Load/Save RF Kill Switch Status /dev/rfkill Watch.
[    8.176421] cloud-init[536]: Cloud-init v. 19.3-41-gc4735dd3-0ubuntu1~18.04.1 running 'init-local' at Wed, 25 Mar 2020 11:07:54 +0000. Up 7.98 seconds.
[[0;32m  OK  [0m] Started Initial cloud-init job (pre-networking).
[[0;32m  OK  [0m] Reached target Network (Pre).
         Starting Network Service...
[[0;32m  OK  [0m] Started Network Service.
         Starting Wait for Network to be Configured...
         Starting Network Name Resolution...
[[0;32m  OK  [0m] Started Network Name Resolution.
[[0;32m  OK  [0m] Reached target Host and Network Name Lookups.
[[0;32m  OK  [0m] Reached target Network.
[[0;32m  OK  [0m] Started Wait for Network to be Configured.
         Starting Initial cloud-init job (metadata service crawler)...
[   10.242250] cloud-init[724]: Cloud-init v. 19.3-41-gc4735dd3-0ubuntu1~18.04.1 running 'init' at Wed, 25 Mar 2020 11:07:56 +0000. Up 10.12 seconds.
[   10.256662] cloud-init[724]: ci-info: ++++++++++++++++++++++++++++++++++++++Net device info+++++++++++++++++++++++++++++++++++++++
[   10.257822] cloud-init[724]: ci-info: +--------+------+-----------------------------+---------------+--------+-------------------+
[   10.259387] cloud-init[724]: ci-info: | Device |  Up  |           Address           |      Mask     | Scope  |     Hw-Address    |
[   10.272779] cloud-init[724]: ci-info: +--------+------+-----------------------------+---------------+--------+-------------------+
[   10.274019] cloud-init[724]: ci-info: | enp0s3 | True |          10.0.2.15          | 255.255.255.0 | global | 02:b7:1f:33:e9:24 |
[   10.275699] cloud-init[724]: ci-info: | enp0s3 | True |  fe80::b7:1fff:fe33:e924/64 |       .       |  link  | 02:b7:1f:33:e9:24 |
[   10.276944] cloud-init[724]: ci-info: | enp0s8 | True |        192.168.33.10        | 255.255.255.0 | global | 08:00:27:2a:72:1b |
[   10.278680] cloud-init[724]: ci-info: | enp0s8 | True | fe80::a00:27ff:fe2a:721b/64 |       .       |  link  | 08:00:27:2a:72:1b |
[   10.280373] cloud-init[724]: ci-info: |   lo   | True |          127.0.0.1          |   255.0.0.0   |  host  |         .         |
[   10.282009] cloud-init[724]: ci-info: |   lo   | True |           ::1/128           |       .       |  host  |         .         |
[   10.283683] cloud-init[724]: ci-info: +--------+------+-----------------------------+---------------+--------+-------------------+
[   10.285320] cloud-init[724]: ci-info: +++++++++++++++++++++++++++++Route IPv4 info+++++++++++++++++++++++++++++
[   10.286764] cloud-init[724]: ci-info: +-------+--------------+----------+-----------------+-----------+-------+
[   10.288233] cloud-init[724]: ci-info: | Route | Destination  | Gateway  |     Genmask     | Interface | Flags |
[   10.289658] cloud-init[724]: ci-info: +-------+--------------+----------+-----------------+-----------+-------+
[   10.291071] cloud-init[724]: ci-info: |   0   |   0.0.0.0    | 10.0.2.2 |     0.0.0.0     |   enp0s3  |   UG  |
[   10.292492] cloud-init[724]: ci-info: |   1   |   10.0.2.0   | 0.0.0.0  |  255.255.255.0  |   enp0s3  |   U   |
[   10.293904] cloud-init[724]: ci-info: |   2   |   10.0.2.2   | 0.0.0.0  | 255.255.255.255 |   enp0s3  |   UH  |
[   10.295326] cloud-init[724]: ci-info: |   3   | 192.168.33.0 | 0.0.0.0  |  255.255.255.0  |   enp0s8  |   U   |
[   10.296755] cloud-init[724]: ci-info: +-------+--------------+----------+-----------------+-----------+-------+
[   10.298223] cloud-init[724]: ci-info: +++++++++++++++++++Route IPv6 info+++++++++++++++++++
[   10.299407] cloud-init[724]: ci-info: +-------+-------------+---------+-----------+-------+
[   10.300602] cloud-init[724]: ci-info: | Route | Destination | Gateway | Interface | Flags |
[   10.301788] cloud-init[724]: ci-info: +-------+-------------+---------+-----------+-------+
[   10.302960] cloud-init[724]: ci-info: |   1   |  fe80::/64  |    ::   |   enp0s8  |   U   |
[   10.305197] cloud-init[724]: ci-info: |   2   |  fe80::/64  |    ::   |   enp0s3  |   U   |
[   10.306378] cloud-init[724]: ci-info: |   4   |    local    |    ::   |   enp0s3  |   U   |
[   10.307548] cloud-init[724]: ci-info: |   5   |    local    |    ::   |   enp0s8  |   U   |
[   10.308608] cloud-init[724]: ci-info: |   6   |   ff00::/8  |    ::   |   enp0s8  |   U   |
[   10.309784] cloud-init[724]: ci-info: |   7   |   ff00::/8  |    ::   |   enp0s3  |   U   |
[   10.311497] cloud-init[724]: ci-info: +-------+-------------+---------+-----------+-------+
[[0;32m  OK  [0m] Started Initial cloud-init job (metadata service crawler).
[[0;32m  OK  [0m] Reached target System Initialization.
[[0;32m  OK  [0m] Listening on D-Bus System Message Bus Socket.
         Starting Socket activation for snappy daemon.
[[0;32m  OK  [0m] Listening on ACPID Listen Socket.
[[0;32m  OK  [0m] Started ACPI Events Check.
[[0;32m  OK  [0m] Reached target Paths.
[[0;32m  OK  [0m] Listening on Open-iSCSI iscsid Socket.
[[0;32m  OK  [0m] Started Message of the Day.
         Starting LXD - unix socket.
[[0;32m  OK  [0m] Started Daily Cleanup of Temporary Directories.
[[0;32m  OK  [0m] Started Discard unused blocks once a week.
[[0;32m  OK  [0m] Listening on UUID daemon activation socket.
[[0;32m  OK  [0m] Started Daily apt download activities.
[[0;32m  OK  [0m] Started Daily apt upgrade and clean activities.
[[0;32m  OK  [0m] Reached target Timers.
[[0;32m  OK  [0m] Reached target Cloud-config availability.
[[0;32m  OK  [0m] Reached target Network is Online.
[[0;32m  OK  [0m] Reached target Remote File Systems (Pre).
[[0;32m  OK  [0m] Reached target Remote File Systems.
         Starting Availability of block devices...
[[0;32m  OK  [0m] Listening on Socket activation for snappy daemon.
[[0;32m  OK  [0m] Listening on LXD - unix socket.
[[0;32m  OK  [0m] Started Availability of block devices.
[[0;32m  OK  [0m] Reached target Sockets.
[[0;32m  OK  [0m] Reached target Basic System.
         Starting Resets System Activity Data Collector...
         Starting LSB: Record successful boot for GRUB...
[[0;32m  OK  [0m] Started FUSE filesystem for LXC.
[[0;32m  OK  [0m] Started irqbalance daemon.
         Starting Dispatcher daemon for systemd-networkd...
         Starting Login Service...
         Starting vboxadd.service...
         Starting LXD - container startup/shutdown...
         Starting Accounts Service...
         Starting LSB: automatic crash report generation...
         Starting System Logging Service...
         Starting OpenBSD Secure Shell server...
         Starting Message of the Day...
         Starting PostgreSQL Cluster 10-main...
[[0;32m  OK  [0m] Started Regular background program processing daemon.
         Starting Permit User Sessions...
[[0;32m  OK  [0m] Started Deferred execution scheduler.
[[0;32m  OK  [0m] Started D-Bus System Message Bus.
[[0;32m  OK  [0m] Started Login Service.
[[0;32m  OK  [0m] Started Unattended Upgrades Shutdown.
         Starting Snappy daemon...
[[0;32m  OK  [0m] Started System Logging Service.
[[0;32m  OK  [0m] Started Dispatcher daemon for systemd-networkd.
[[0;32m  OK  [0m] Started Resets System Activity Data Collector.
[[0;32m  OK  [0m] Started LXD - container startup/shutdown.
[[0;32m  OK  [0m] Started Permit User Sessions.
[[0;32m  OK  [0m] Started OpenBSD Secure Shell server.
         Starting Authorization Manager...
         Starting Hold until boot process finishes up...
         Starting Terminate Plymouth Boot Screen...
[[0;32m  OK  [0m] Started Hold until boot process finishes up.
         Starting Set console scheme...
[[0;32m  OK  [0m] Started Serial Getty on ttyS0.
[[0;32m  OK  [0m] Started Terminate Plymouth Boot Screen.
[[0;32m  OK  [0m] Started Authorization Manager.
[[0;32m  OK  [0m] Started Accounts Service.
[[0;32m  OK  [0m] Started Set console scheme.
[[0;32m  OK  [0m] Created slice system-getty.slice.
[[0;32m  OK  [0m] Started Getty on tty1.
[[0;32m  OK  [0m] Reached target Login Prompts.
[[0;32m  OK  [0m] Started LSB: Record successful boot for GRUB.
[[0;32m  OK  [0m] Started LSB: automatic crash report generation.
[[0;32m  OK  [0m] Created slice User Slice of vagrant.
         Starting User Manager for UID 1000...
[[0;32m  OK  [0m] Started Session 1 of user vagrant.
[[0;32m  OK  [0m] Started Snappy daemon.
         Starting Wait until snapd is fully seeded...
[[0;32m  OK  [0m] Started Wait until snapd is fully seeded.
         Starting Apply the settings specified in cloud-config...
[[0;32m  OK  [0m] Started User Manager for UID 1000.
[[0;32m  OK  [0m] Started Apply the settings specified in cloud-config.
[   13.073853] cloud-init[1267]: Cloud-init v. 19.3-41-gc4735dd3-0ubuntu1~18.04.1 running 'modules:config' at Wed, 25 Mar 2020 11:07:59 +0000. Up 12.76 seconds.
[[0;32m  OK  [0m] Started Message of the Day.
[[0;32m  OK  [0m] Started vboxadd.service.
         Starting vboxadd-service.service...
[[0;32m  OK  [0m] Started vboxadd-service.service.
[[0;32m  OK  [0m] Started PostgreSQL Cluster 10-main.
         Starting PostgreSQL RDBMS...
[[0;32m  OK  [0m] Started PostgreSQL RDBMS.
[[0;32m  OK  [0m] Reached target Multi-User System.
[[0;32m  OK  [0m] Reached target Graphical Interface.
         Starting Update UTMP about System Runlevel Changes...
         Starting Execute cloud user/final scripts...
[[0;32m  OK  [0m] Started Update UTMP about System Runlevel Changes.
[   15.867164] cloud-init[1658]: Cloud-init v. 19.3-41-gc4735dd3-0ubuntu1~18.04.1 running 'modules:final' at Wed, 25 Mar 2020 11:08:02 +0000. Up 15.76 seconds.
[   15.868524] cloud-init[1658]: Cloud-init v. 19.3-41-gc4735dd3-0ubuntu1~18.04.1 finished at Wed, 25 Mar 2020 11:08:02 +0000. Datasource DataSourceNoCloud [seed=/dev/sdb][dsmode=net].  Up 15.86 seconds
[[0;32m  OK  [0m] Started Execute cloud user/final scripts.
[[0;32m  OK  [0m] Reached target Cloud-init target.

Ubuntu 18.04.3 LTS ubuntu-bionic ttyS0

ubuntu-bionic login: 